This file contains any messages produced by compilers while
running configure, to aid debugging if configure makes a mistake.

It was created by QRencode configure 3.4.4, which was
generated by GNU Autoconf 2.69.  Invocation command line was

  $ ./configure --enable-static --disable-shared --without-tools

## --------- ##
## Platform. ##
## --------- ##

hostname = STRONK
uname -m = i686
uname -r = 1.0.18(0.48/3/2)
uname -s = MINGW32_NT-6.1
uname -v = 2012-11-21 22:34

/usr/bin/uname -p = unknown
/bin/uname -X     = unknown

/bin/arch              = unknown
/usr/bin/arch -k       = unknown
/usr/convex/getsysinfo = unknown
/usr/bin/hostinfo      = unknown
/bin/machine           = unknown
/usr/bin/oslevel       = unknown
/bin/universe          = unknown

PATH: .
PATH: /usr/local/bin
PATH: /mingw/bin
PATH: /bin
PATH: /g/build-env/mingw64/bin


## ----------- ##
## Core tests. ##
## ----------- ##

configure:2237: checking build system type
configure:2251: result: i686-pc-mingw32
configure:2271: checking host system type
configure:2284: result: i686-pc-mingw32
configure:2304: checking target system type
configure:2317: result: i686-pc-mingw32
configure:2360: checking for a BSD-compatible install
configure:2428: result: /bin/install -c
configure:2439: checking whether build environment is sane
configure:2494: result: yes
configure:2645: checking for a thread-safe mkdir -p
configure:2684: result: /bin/mkdir -p
configure:2691: checking for gawk
configure:2707: found /bin/gawk
configure:2718: result: gawk
configure:2729: checking whether make sets $(MAKE)
configure:2751: result: yes
configure:2780: checking whether make supports nested variables
configure:2797: result: yes
configure:2966: checking for style of include used by make
configure:2994: result: GNU
configure:3065: checking for gcc
configure:3081: found /g/build-env/mingw64/bin/gcc
configure:3092: result: gcc
configure:3321: checking for C compiler version
configure:3330: gcc --version >&5
gcc.exe (x86_64-posix-seh-rev0, Built by MinGW-W64 project) 4.9.2
Copyright (C) 2014 Free Software Foundation, Inc.
This is free software; see the source for copying conditions.  There is NO
warranty; not even for MERCHANTABILITY or FITNESS FOR A PARTICULAR PURPOSE.

configure:3341: $? = 0
configure:3330: gcc -v >&5
Using built-in specs.
COLLECT_GCC=g:\build-env\mingw64\bin\gcc.exe
COLLECT_LTO_WRAPPER=g:/build-env/mingw64/bin/../libexec/gcc/x86_64-w64-mingw32/4.9.2/lto-wrapper.exe
Target: x86_64-w64-mingw32
Configured with: ../../../src/gcc-4.9.2/configure --host=x86_64-w64-mingw32 --build=x86_64-w64-mingw32 --target=x86_64-w64-mingw32 --prefix=/mingw64 --with-sysroot=/c/mingw492/x86_64-492-posix-seh-rt_v3-rev0/mingw64 --with-gxx-include-dir=/mingw64/x86_64-w64-mingw32/include/c++ --enable-shared --enable-static --disable-multilib --enable-languages=ada,c,c++,fortran,objc,obj-c++,lto --enable-libstdcxx-time=yes --enable-threads=posix --enable-libgomp --enable-libatomic --enable-lto --enable-graphite --enable-checking=release --enable-fully-dynamic-string --enable-version-specific-runtime-libs --disable-isl-version-check --disable-cloog-version-check --disable-libstdcxx-pch --disable-libstdcxx-debug --enable-bootstrap --disable-rpath --disable-win32-registry --disable-nls --disable-werror --disable-symvers --with-gnu-as --with-gnu-ld --with-arch=nocona --with-tune=core2 --with-libiconv --with-system-zlib --with-gmp=/c/mingw492/prerequisites/x86_64-w64-mingw32-static --with-mpfr=/c/mingw492/prerequisites/x86_64-w64-mingw32-static --with-mpc=/c/mingw492/prerequisites/x86_64-w64-mingw32-static --with-isl=/c/mingw492/prerequisites/x86_64-w64-mingw32-static --with-cloog=/c/mingw492/prerequisites/x86_64-w64-mingw32-static --enable-cloog-backend=isl --with-pkgversion='x86_64-posix-seh-rev0, Built by MinGW-W64 project' --with-bugurl=http://sourceforge.net/projects/mingw-w64 CFLAGS='-O2 -pipe -I/c/mingw492/x86_64-492-posix-seh-rt_v3-rev0/mingw64/opt/include -I/c/mingw492/prerequisites/x86_64-zlib-static/include -I/c/mingw492/prerequisites/x86_64-w64-mingw32-static/include' CXXFLAGS='-O2 -pipe -I/c/mingw492/x86_64-492-posix-seh-rt_v3-rev0/mingw64/opt/include -I/c/mingw492/prerequisites/x86_64-zlib-static/include -I/c/mingw492/prerequisites/x86_64-w64-mingw32-static/include' CPPFLAGS= LDFLAGS='-pipe -L/c/mingw492/x86_64-492-posix-seh-rt_v3-rev0/mingw64/opt/lib -L/c/mingw492/prerequisites/x86_64-zlib-static/lib -L/c/mingw492/prerequisites/x86_64-w64-mingw32-static/lib '
Thread model: posix
gcc version 4.9.2 (x86_64-posix-seh-rev0, Built by MinGW-W64 project) 
configure:3341: $? = 0
configure:3330: gcc -V >&5
gcc.exe: error: unrecognized command line option '-V'
gcc.exe: fatal error: no input files
compilation terminated.
configure:3341: $? = 1
configure:3330: gcc -qversion >&5
gcc.exe: error: unrecognized command line option '-qversion'
gcc.exe: fatal error: no input files
compilation terminated.
configure:3341: $? = 1
configure:3361: checking whether the C compiler works
configure:3383: gcc    conftest.c ../libpng-1.6.15/.libs/libpng.a ../../mingw32/i686-w64-mingw32/lib/libz.a >&5
gcc.exe: error: ../../mingw32/i686-w64-mingw32/lib/libz.a: No such file or directory
configure:3387: $? = 1
configure:3425: result: no
configure: failed program was:
| /* confdefs.h */
| #define PACKAGE_NAME "QRencode"
| #define PACKAGE_TARNAME "qrencode"
| #define PACKAGE_VERSION "3.4.4"
| #define PACKAGE_STRING "QRencode 3.4.4"
| #define PACKAGE_BUGREPORT ""
| #define PACKAGE_URL ""
| #define MAJOR_VERSION 3
| #define MINOR_VERSION 4
| #define MICRO_VERSION 4
| #define PACKAGE "qrencode"
| #define VERSION "3.4.4"
| /* end confdefs.h.  */
| 
| int
| main ()
| {
| 
|   ;
|   return 0;
| }
configure:3430: error: in `/home/xawksow/deps/qrencode-3.4.4':
configure:3432: error: C compiler cannot create executables
See `config.log' for more details

## ---------------- ##
## Cache variables. ##
## ---------------- ##

ac_cv_build=i686-pc-mingw32
ac_cv_env_CC_set=
ac_cv_env_CC_value=
ac_cv_env_CFLAGS_set=
ac_cv_env_CFLAGS_value=
ac_cv_env_CPPFLAGS_set=
ac_cv_env_CPPFLAGS_value=
ac_cv_env_CPP_set=
ac_cv_env_CPP_value=
ac_cv_env_LDFLAGS_set=
ac_cv_env_LDFLAGS_value=
ac_cv_env_LIBS_set=set
ac_cv_env_LIBS_value='../libpng-1.6.15/.libs/libpng.a ../../mingw32/i686-w64-mingw32/lib/libz.a'
ac_cv_env_PKG_CONFIG_LIBDIR_set=
ac_cv_env_PKG_CONFIG_LIBDIR_value=
ac_cv_env_PKG_CONFIG_PATH_set=
ac_cv_env_PKG_CONFIG_PATH_value=
ac_cv_env_PKG_CONFIG_set=
ac_cv_env_PKG_CONFIG_value=
ac_cv_env_build_alias_set=
ac_cv_env_build_alias_value=
ac_cv_env_host_alias_set=
ac_cv_env_host_alias_value=
ac_cv_env_png_CFLAGS_set=set
ac_cv_env_png_CFLAGS_value=-I../libpng-1.6.15
ac_cv_env_png_LIBS_set=set
ac_cv_env_png_LIBS_value=-L../libpng-1.6.15/.libs
ac_cv_env_target_alias_set=
ac_cv_env_target_alias_value=
ac_cv_host=i686-pc-mingw32
ac_cv_path_install='/bin/install -c'
ac_cv_path_mkdir=/bin/mkdir
ac_cv_prog_AWK=gawk
ac_cv_prog_ac_ct_CC=gcc
ac_cv_prog_make_make_set=yes
ac_cv_target=i686-pc-mingw32
am_cv_make_support_nested_variables=yes

## ----------------- ##
## Output variables. ##
## ----------------- ##

ACLOCAL='${SHELL} /home/xawksow/deps/qrencode-3.4.4/use/missing aclocal-1.14'
AMDEPBACKSLASH='\'
AMDEP_FALSE='#'
AMDEP_TRUE=''
AMTAR='$${TAR-tar}'
AM_BACKSLASH='\'
AM_DEFAULT_V='$(AM_DEFAULT_VERBOSITY)'
AM_DEFAULT_VERBOSITY='1'
AM_V='$(V)'
AR=''
AUTOCONF='${SHELL} /home/xawksow/deps/qrencode-3.4.4/use/missing autoconf'
AUTOHEADER='${SHELL} /home/xawksow/deps/qrencode-3.4.4/use/missing autoheader'
AUTOMAKE='${SHELL} /home/xawksow/deps/qrencode-3.4.4/use/missing automake-1.14'
AWK='gawk'
BUILD_TESTS_FALSE=''
BUILD_TESTS_TRUE=''
BUILD_TOOLS_FALSE=''
BUILD_TOOLS_TRUE=''
CC='gcc'
CCDEPMODE=''
CFLAGS=''
CPP=''
CPPFLAGS=''
CYGPATH_W='echo'
DEFS=''
DEPDIR='.deps'
DLLTOOL=''
DSYMUTIL=''
DUMPBIN=''
ECHO_C=''
ECHO_N='-n'
ECHO_T=''
EGREP=''
EXEEXT=''
FGREP=''
GREP=''
HAVE_LIBPTHREAD_FALSE=''
HAVE_LIBPTHREAD_TRUE=''
HAVE_SDL_FALSE=''
HAVE_SDL_TRUE=''
INSTALL_DATA='${INSTALL} -m 644'
INSTALL_PROGRAM='${INSTALL}'
INSTALL_SCRIPT='${INSTALL}'
INSTALL_STRIP_PROGRAM='$(install_sh) -c -s'
LD=''
LDFLAGS=''
LIBICONV=''
LIBOBJS=''
LIBPTHREAD=''
LIBS='../libpng-1.6.15/.libs/libpng.a ../../mingw32/i686-w64-mingw32/lib/libz.a'
LIBTOOL=''
LIPO=''
LN_S=''
LTLIBICONV=''
LTLIBOBJS=''
MAJOR_VERSION='3'
MAKEINFO='${SHELL} /home/xawksow/deps/qrencode-3.4.4/use/missing makeinfo'
MANIFEST_TOOL=''
MICRO_VERSION='4'
MINOR_VERSION='4'
MKDIR_P='/bin/mkdir -p'
NM=''
NMEDIT=''
OBJDUMP=''
OBJEXT=''
OTOOL64=''
OTOOL=''
PACKAGE='qrencode'
PACKAGE_BUGREPORT=''
PACKAGE_NAME='QRencode'
PACKAGE_STRING='QRencode 3.4.4'
PACKAGE_TARNAME='qrencode'
PACKAGE_URL=''
PACKAGE_VERSION='3.4.4'
PATH_SEPARATOR=':'
PKG_CONFIG=''
PKG_CONFIG_LIBDIR=''
PKG_CONFIG_PATH=''
RANLIB=''
SDL_CFLAGS=''
SDL_CONFIG=''
SDL_LIBS=''
SED=''
SET_MAKE=''
SHELL='/bin/sh'
STRIP=''
VERSION='3.4.4'
ac_ct_AR=''
ac_ct_CC='gcc'
ac_ct_DUMPBIN=''
am__EXEEXT_FALSE=''
am__EXEEXT_TRUE=''
am__fastdepCC_FALSE=''
am__fastdepCC_TRUE=''
am__include='include'
am__isrc=''
am__leading_dot='.'
am__nodep='_no'
am__quote=''
am__tar='$${TAR-tar} chof - "$$tardir"'
am__untar='$${TAR-tar} xf -'
bindir='${exec_prefix}/bin'
build='i686-pc-mingw32'
build_alias=''
build_cpu='i686'
build_os='mingw32'
build_vendor='pc'
datadir='${datarootdir}'
datarootdir='${prefix}/share'
docdir='${datarootdir}/doc/${PACKAGE_TARNAME}'
dvidir='${docdir}'
exec_prefix='NONE'
host='i686-pc-mingw32'
host_alias=''
host_cpu='i686'
host_os='mingw32'
host_vendor='pc'
htmldir='${docdir}'
includedir='${prefix}/include'
infodir='${datarootdir}/info'
install_sh='${SHELL} /home/xawksow/deps/qrencode-3.4.4/use/install-sh'
libdir='${exec_prefix}/lib'
libexecdir='${exec_prefix}/libexec'
localedir='${datarootdir}/locale'
localstatedir='${prefix}/var'
mandir='${datarootdir}/man'
mkdir_p='$(MKDIR_P)'
oldincludedir='/usr/include'
pdfdir='${docdir}'
png_CFLAGS='-I../libpng-1.6.15'
png_LIBS='-L../libpng-1.6.15/.libs'
prefix='NONE'
program_transform_name='s,x,x,'
psdir='${docdir}'
sbindir='${exec_prefix}/sbin'
sharedstatedir='${prefix}/com'
sysconfdir='${prefix}/etc'
target='i686-pc-mingw32'
target_alias=''
target_cpu='i686'
target_os='mingw32'
target_vendor='pc'

## ----------- ##
## confdefs.h. ##
## ----------- ##

/* confdefs.h */
#define PACKAGE_NAME "QRencode"
#define PACKAGE_TARNAME "qrencode"
#define PACKAGE_VERSION "3.4.4"
#define PACKAGE_STRING "QRencode 3.4.4"
#define PACKAGE_BUGREPORT ""
#define PACKAGE_URL ""
#define MAJOR_VERSION 3
#define MINOR_VERSION 4
#define MICRO_VERSION 4
#define PACKAGE "qrencode"
#define VERSION "3.4.4"

configure: exit 77
